The target system is: Zephyr - 3.6.99 - arm
The host system is: Linux - 5.15.146.1-microsoft-standard-WSL2 - x86_64
Compiling the C compiler identification source file "CMakeCCompilerId.c" succeeded.
Compiler: /home/narwhal/zephyr_install/zephyr-sdk-0.16.5/arm-zephyr-eabi/bin/arm-zephyr-eabi-gcc 
Build flags: 
Id flags: -c 

The output was:
0


Compilation of the C compiler identification source "CMakeCCompilerId.c" produced "CMakeCCompilerId.o"

The C compiler identification is GNU, found in "/home/narwhal/Jupiter-Black/mycode/build/CMakeFiles/3.22.1/CompilerIdC/CMakeCCompilerId.o"

Compiling the CXX compiler identification source file "CMakeCXXCompilerId.cpp" succeeded.
Compiler: /home/narwhal/zephyr_install/zephyr-sdk-0.16.5/arm-zephyr-eabi/bin/arm-zephyr-eabi-g++ 
Build flags: 
Id flags: -c 

The output was:
0


Compilation of the CXX compiler identification source "CMakeCXXCompilerId.cpp" produced "CMakeCXXCompilerId.o"

The CXX compiler identification is GNU, found in "/home/narwhal/Jupiter-Black/mycode/build/CMakeFiles/3.22.1/CompilerIdCXX/CMakeCXXCompilerId.o"

Checking whether the ASM compiler is GNU using "--version" matched "(GNU assembler)|(GCC)|(Free Software Foundation)":
arm-zephyr-eabi-gcc (Zephyr SDK 0.16.5) 12.2.0
Copyright (C) 2022 Free Software Foundation, Inc.
This is free software; see the source for copying conditions.  There is NO
warranty; not even for MERCHANTABILITY or FITNESS FOR A PARTICULAR PURPOSE.

Performing C SOURCE FILE Test check_fmacro_prefix_map__home_narwhal_Jupiter_Black_mycode_apps_test_blinky_CMAKE_SOURCE_DIR_C__nostartfiles__nostdlib__isystem___home_narwhal_zephyr_install_zephyr_sdk_0_16_5_arm_zephyr_eabi_bin____lib_gcc_arm_zephyr_eabi_12_2_0_include___isystem___home_narwhal_zephyr_install_zephyr_sdk_0_16_5_arm_zephyr_eabi_bin____lib_gcc_arm_zephyr_eabi_12_2_0_include_fixed___Wl___unresolved_symbols_ignore_in_object_files__Wl___entry_0 succeeded with the following output:
Change Dir: /home/narwhal/Jupiter-Black/mycode/build/CMakeFiles/CMakeTmp

Run Build Command(s):/usr/bin/ninja cmTC_8a84f && [1/2] Building C object CMakeFiles/cmTC_8a84f.dir/src.c.obj
[2/2] Linking C executable cmTC_8a84f


Source file was:
int main(void) { return 0; }
Performing C SOURCE FILE Test check_fmacro_prefix_map__home_narwhal_Jupiter_Black_zephyr_ZEPHYR_BASE_C__nostartfiles__nostdlib__isystem___home_narwhal_zephyr_install_zephyr_sdk_0_16_5_arm_zephyr_eabi_bin____lib_gcc_arm_zephyr_eabi_12_2_0_include___isystem___home_narwhal_zephyr_install_zephyr_sdk_0_16_5_arm_zephyr_eabi_bin____lib_gcc_arm_zephyr_eabi_12_2_0_include_fixed___Wl___unresolved_symbols_ignore_in_object_files__Wl___entry_0 succeeded with the following output:
Change Dir: /home/narwhal/Jupiter-Black/mycode/build/CMakeFiles/CMakeTmp

Run Build Command(s):/usr/bin/ninja cmTC_90182 && [1/2] Building C object CMakeFiles/cmTC_90182.dir/src.c.obj
[2/2] Linking C executable cmTC_90182


Source file was:
int main(void) { return 0; }
Performing C SOURCE FILE Test check_fmacro_prefix_map__home_narwhal_Jupiter_Black_WEST_TOPDIR_C__nostartfiles__nostdlib__isystem___home_narwhal_zephyr_install_zephyr_sdk_0_16_5_arm_zephyr_eabi_bin____lib_gcc_arm_zephyr_eabi_12_2_0_include___isystem___home_narwhal_zephyr_install_zephyr_sdk_0_16_5_arm_zephyr_eabi_bin____lib_gcc_arm_zephyr_eabi_12_2_0_include_fixed___Wl___unresolved_symbols_ignore_in_object_files__Wl___entry_0 succeeded with the following output:
Change Dir: /home/narwhal/Jupiter-Black/mycode/build/CMakeFiles/CMakeTmp

Run Build Command(s):/usr/bin/ninja cmTC_27ddf && [1/2] Building C object CMakeFiles/cmTC_27ddf.dir/src.c.obj
[2/2] Linking C executable cmTC_27ddf


Source file was:
int main(void) { return 0; }
